CRITICAL - 2023-05-22 07:25:00 --> Invalid file: "proposal_view.php"
in SYSTEMPATH/Exceptions/FrameworkException.php on line 33.
 1 SYSTEMPATH/View/View.php(201): CodeIgniter\Exceptions\FrameworkException::forInvalidFile()
 2 SYSTEMPATH/Common.php(1184): CodeIgniter\View\View->render()
 3 APPPATH/Controllers/VendorPrposalCrud.php(13): view()
 4 SYSTEMPATH/CodeIgniter.php(934): App\Controllers\VendorPrposalCrud->index()
 5 SYSTEMPATH/CodeIgniter.php(499): CodeIgniter\CodeIgniter->runController()
 6 SYSTEMPATH/CodeIgniter.php(368): CodeIgniter\CodeIgniter->handleRequest()
 7 FCPATH/index.php(67): CodeIgniter\CodeIgniter->run()
CRITICAL - 2023-05-22 07:25:25 --> Invalid file: "proposal_view.php"
in SYSTEMPATH/Exceptions/FrameworkException.php on line 33.
 1 SYSTEMPATH/View/View.php(201): CodeIgniter\Exceptions\FrameworkException::forInvalidFile()
 2 SYSTEMPATH/Common.php(1184): CodeIgniter\View\View->render()
 3 APPPATH/Controllers/VendorPrposalCrud.php(13): view()
 4 SYSTEMPATH/CodeIgniter.php(934): App\Controllers\VendorPrposalCrud->index()
 5 SYSTEMPATH/CodeIgniter.php(499): CodeIgniter\CodeIgniter->runController()
 6 SYSTEMPATH/CodeIgniter.php(368): CodeIgniter\CodeIgniter->handleRequest()
 7 FCPATH/index.php(67): CodeIgniter\CodeIgniter->run()
CRITICAL - 2023-05-22 07:25:58 --> Invalid file: "proposal_view.php"
in SYSTEMPATH/Exceptions/FrameworkException.php on line 33.
 1 SYSTEMPATH/View/View.php(201): CodeIgniter\Exceptions\FrameworkException::forInvalidFile()
 2 SYSTEMPATH/Common.php(1184): CodeIgniter\View\View->render()
 3 APPPATH/Controllers/VendorPrposalCrud.php(13): view()
 4 SYSTEMPATH/CodeIgniter.php(934): App\Controllers\VendorPrposalCrud->index()
 5 SYSTEMPATH/CodeIgniter.php(499): CodeIgniter\CodeIgniter->runController()
 6 SYSTEMPATH/CodeIgniter.php(368): CodeIgniter\CodeIgniter->handleRequest()
 7 FCPATH/index.php(67): CodeIgniter\CodeIgniter->run()
CRITICAL - 2023-05-22 07:26:00 --> Invalid file: "proposal_view.php"
in SYSTEMPATH/Exceptions/FrameworkException.php on line 33.
 1 SYSTEMPATH/View/View.php(201): CodeIgniter\Exceptions\FrameworkException::forInvalidFile()
 2 SYSTEMPATH/Common.php(1184): CodeIgniter\View\View->render()
 3 APPPATH/Controllers/VendorPrposalCrud.php(13): view()
 4 SYSTEMPATH/CodeIgniter.php(934): App\Controllers\VendorPrposalCrud->index()
 5 SYSTEMPATH/CodeIgniter.php(499): CodeIgniter\CodeIgniter->runController()
 6 SYSTEMPATH/CodeIgniter.php(368): CodeIgniter\CodeIgniter->handleRequest()
 7 FCPATH/index.php(67): CodeIgniter\CodeIgniter->run()
CRITICAL - 2023-05-22 07:26:00 --> Invalid file: "proposal_view.php"
in SYSTEMPATH/Exceptions/FrameworkException.php on line 33.
 1 SYSTEMPATH/View/View.php(201): CodeIgniter\Exceptions\FrameworkException::forInvalidFile()
 2 SYSTEMPATH/Common.php(1184): CodeIgniter\View\View->render()
 3 APPPATH/Controllers/VendorPrposalCrud.php(13): view()
 4 SYSTEMPATH/CodeIgniter.php(934): App\Controllers\VendorPrposalCrud->index()
 5 SYSTEMPATH/CodeIgniter.php(499): CodeIgniter\CodeIgniter->runController()
 6 SYSTEMPATH/CodeIgniter.php(368): CodeIgniter\CodeIgniter->handleRequest()
 7 FCPATH/index.php(67): CodeIgniter\CodeIgniter->run()
CRITICAL - 2023-05-22 07:31:24 --> Class 'App\Controllers\UserModel' not found
in APPPATH/Controllers/VendorPrposalCrud.php on line 11.
 1 SYSTEMPATH/CodeIgniter.php(934): App\Controllers\VendorPrposalCrud->index()
 2 SYSTEMPATH/CodeIgniter.php(499): CodeIgniter\CodeIgniter->runController()
 3 SYSTEMPATH/CodeIgniter.php(368): CodeIgniter\CodeIgniter->handleRequest()
 4 FCPATH/index.php(67): CodeIgniter\CodeIgniter->run()
CRITICAL - 2023-05-22 07:32:50 --> Class 'App\Models\VendorProposalModal' not found
in APPPATH/Controllers/VendorPrposalCrud.php on line 11.
 1 SYSTEMPATH/CodeIgniter.php(934): App\Controllers\VendorPrposalCrud->index()
 2 SYSTEMPATH/CodeIgniter.php(499): CodeIgniter\CodeIgniter->runController()
 3 SYSTEMPATH/CodeIgniter.php(368): CodeIgniter\CodeIgniter->handleRequest()
 4 FCPATH/index.php(67): CodeIgniter\CodeIgniter->run()
ERROR - 2023-05-22 07:35:45 --> mysqli_sql_exception: Table 'Vendor-mgmt.users' doesn't exist in /var/www/html/vendor/system/Database/MySQLi/Connection.php:295
Stack trace:
#0 /var/www/html/vendor/system/Database/MySQLi/Connection.php(295): mysqli->query()
#1 /var/www/html/vendor/system/Database/BaseConnection.php(692): CodeIgniter\Database\MySQLi\Connection->execute()
#2 /var/www/html/vendor/system/Database/BaseConnection.php(606): CodeIgniter\Database\BaseConnection->simpleQuery()
#3 /var/www/html/vendor/system/Database/BaseBuilder.php(1616): CodeIgniter\Database\BaseConnection->query()
#4 /var/www/html/vendor/system/Model.php(241): CodeIgniter\Database\BaseBuilder->get()
#5 /var/www/html/vendor/system/BaseModel.php(618): CodeIgniter\Model->doFindAll()
#6 /var/www/html/vendor/app/Controllers/VendorPrposalCrud.php(12): CodeIgniter\BaseModel->findAll()
#7 /var/www/html/vendor/system/CodeIgniter.php(934): App\Controllers\VendorPrposalCrud->index()
#8 /var/www/html/vendor/system/CodeIgniter.php(499): CodeIgniter\CodeIgniter->runController()
#9 /var/www/html/vendor/system/CodeIgniter.php(368): CodeIgniter\CodeIgniter->handleRequest()
#10 /var/www/html/vendor/public/index.php(67): CodeIgniter\CodeIgniter->run()
#11 {main}
CRITICAL - 2023-05-22 07:35:45 --> Table 'Vendor-mgmt.users' doesn't exist
in SYSTEMPATH/Database/MySQLi/Connection.php on line 295.
 1 SYSTEMPATH/Database/MySQLi/Connection.php(295): mysqli->query()
 2 SYSTEMPATH/Database/BaseConnection.php(692): CodeIgniter\Database\MySQLi\Connection->execute()
 3 SYSTEMPATH/Database/BaseConnection.php(606): CodeIgniter\Database\BaseConnection->simpleQuery()
 4 SYSTEMPATH/Database/BaseBuilder.php(1616): CodeIgniter\Database\BaseConnection->query()
 5 SYSTEMPATH/Model.php(241): CodeIgniter\Database\BaseBuilder->get()
 6 SYSTEMPATH/BaseModel.php(618): CodeIgniter\Model->doFindAll()
 7 APPPATH/Controllers/VendorPrposalCrud.php(12): CodeIgniter\BaseModel->findAll()
 8 SYSTEMPATH/CodeIgniter.php(934): App\Controllers\VendorPrposalCrud->index()
 9 SYSTEMPATH/CodeIgniter.php(499): CodeIgniter\CodeIgniter->runController()
10 SYSTEMPATH/CodeIgniter.php(368): CodeIgniter\CodeIgniter->handleRequest()
11 FCPATH/index.php(67): CodeIgniter\CodeIgniter->run()
ERROR - 2023-05-22 07:36:02 --> mysqli_sql_exception: Table 'Vendor-mgmt.users' doesn't exist in /var/www/html/vendor/system/Database/MySQLi/Connection.php:295
Stack trace:
#0 /var/www/html/vendor/system/Database/MySQLi/Connection.php(295): mysqli->query()
#1 /var/www/html/vendor/system/Database/BaseConnection.php(692): CodeIgniter\Database\MySQLi\Connection->execute()
#2 /var/www/html/vendor/system/Database/BaseConnection.php(606): CodeIgniter\Database\BaseConnection->simpleQuery()
#3 /var/www/html/vendor/system/Database/BaseBuilder.php(1616): CodeIgniter\Database\BaseConnection->query()
#4 /var/www/html/vendor/system/Model.php(241): CodeIgniter\Database\BaseBuilder->get()
#5 /var/www/html/vendor/system/BaseModel.php(618): CodeIgniter\Model->doFindAll()
#6 /var/www/html/vendor/app/Controllers/VendorPrposalCrud.php(12): CodeIgniter\BaseModel->findAll()
#7 /var/www/html/vendor/system/CodeIgniter.php(934): App\Controllers\VendorPrposalCrud->index()
#8 /var/www/html/vendor/system/CodeIgniter.php(499): CodeIgniter\CodeIgniter->runController()
#9 /var/www/html/vendor/system/CodeIgniter.php(368): CodeIgniter\CodeIgniter->handleRequest()
#10 /var/www/html/vendor/public/index.php(67): CodeIgniter\CodeIgniter->run()
#11 {main}
CRITICAL - 2023-05-22 07:36:02 --> Table 'Vendor-mgmt.users' doesn't exist
in SYSTEMPATH/Database/MySQLi/Connection.php on line 295.
 1 SYSTEMPATH/Database/MySQLi/Connection.php(295): mysqli->query()
 2 SYSTEMPATH/Database/BaseConnection.php(692): CodeIgniter\Database\MySQLi\Connection->execute()
 3 SYSTEMPATH/Database/BaseConnection.php(606): CodeIgniter\Database\BaseConnection->simpleQuery()
 4 SYSTEMPATH/Database/BaseBuilder.php(1616): CodeIgniter\Database\BaseConnection->query()
 5 SYSTEMPATH/Model.php(241): CodeIgniter\Database\BaseBuilder->get()
 6 SYSTEMPATH/BaseModel.php(618): CodeIgniter\Model->doFindAll()
 7 APPPATH/Controllers/VendorPrposalCrud.php(12): CodeIgniter\BaseModel->findAll()
 8 SYSTEMPATH/CodeIgniter.php(934): App\Controllers\VendorPrposalCrud->index()
 9 SYSTEMPATH/CodeIgniter.php(499): CodeIgniter\CodeIgniter->runController()
10 SYSTEMPATH/CodeIgniter.php(368): CodeIgniter\CodeIgniter->handleRequest()
11 FCPATH/index.php(67): CodeIgniter\CodeIgniter->run()
ERROR - 2023-05-22 07:36:24 --> mysqli_sql_exception: Table 'Vendor-mgmt.users' doesn't exist in /var/www/html/vendor/system/Database/MySQLi/Connection.php:295
Stack trace:
#0 /var/www/html/vendor/system/Database/MySQLi/Connection.php(295): mysqli->query()
#1 /var/www/html/vendor/system/Database/BaseConnection.php(692): CodeIgniter\Database\MySQLi\Connection->execute()
#2 /var/www/html/vendor/system/Database/BaseConnection.php(606): CodeIgniter\Database\BaseConnection->simpleQuery()
#3 /var/www/html/vendor/system/Database/BaseBuilder.php(1616): CodeIgniter\Database\BaseConnection->query()
#4 /var/www/html/vendor/system/Model.php(241): CodeIgniter\Database\BaseBuilder->get()
#5 /var/www/html/vendor/system/BaseModel.php(618): CodeIgniter\Model->doFindAll()
#6 /var/www/html/vendor/app/Controllers/VendorPrposalCrud.php(12): CodeIgniter\BaseModel->findAll()
#7 /var/www/html/vendor/system/CodeIgniter.php(934): App\Controllers\VendorPrposalCrud->index()
#8 /var/www/html/vendor/system/CodeIgniter.php(499): CodeIgniter\CodeIgniter->runController()
#9 /var/www/html/vendor/system/CodeIgniter.php(368): CodeIgniter\CodeIgniter->handleRequest()
#10 /var/www/html/vendor/public/index.php(67): CodeIgniter\CodeIgniter->run()
#11 {main}
CRITICAL - 2023-05-22 07:36:24 --> Table 'Vendor-mgmt.users' doesn't exist
in SYSTEMPATH/Database/MySQLi/Connection.php on line 295.
 1 SYSTEMPATH/Database/MySQLi/Connection.php(295): mysqli->query()
 2 SYSTEMPATH/Database/BaseConnection.php(692): CodeIgniter\Database\MySQLi\Connection->execute()
 3 SYSTEMPATH/Database/BaseConnection.php(606): CodeIgniter\Database\BaseConnection->simpleQuery()
 4 SYSTEMPATH/Database/BaseBuilder.php(1616): CodeIgniter\Database\BaseConnection->query()
 5 SYSTEMPATH/Model.php(241): CodeIgniter\Database\BaseBuilder->get()
 6 SYSTEMPATH/BaseModel.php(618): CodeIgniter\Model->doFindAll()
 7 APPPATH/Controllers/VendorPrposalCrud.php(12): CodeIgniter\BaseModel->findAll()
 8 SYSTEMPATH/CodeIgniter.php(934): App\Controllers\VendorPrposalCrud->index()
 9 SYSTEMPATH/CodeIgniter.php(499): CodeIgniter\CodeIgniter->runController()
10 SYSTEMPATH/CodeIgniter.php(368): CodeIgniter\CodeIgniter->handleRequest()
11 FCPATH/index.php(67): CodeIgniter\CodeIgniter->run()
ERROR - 2023-05-22 07:36:26 --> mysqli_sql_exception: Table 'Vendor-mgmt.users' doesn't exist in /var/www/html/vendor/system/Database/MySQLi/Connection.php:295
Stack trace:
#0 /var/www/html/vendor/system/Database/MySQLi/Connection.php(295): mysqli->query()
#1 /var/www/html/vendor/system/Database/BaseConnection.php(692): CodeIgniter\Database\MySQLi\Connection->execute()
#2 /var/www/html/vendor/system/Database/BaseConnection.php(606): CodeIgniter\Database\BaseConnection->simpleQuery()
#3 /var/www/html/vendor/system/Database/BaseBuilder.php(1616): CodeIgniter\Database\BaseConnection->query()
#4 /var/www/html/vendor/system/Model.php(241): CodeIgniter\Database\BaseBuilder->get()
#5 /var/www/html/vendor/system/BaseModel.php(618): CodeIgniter\Model->doFindAll()
#6 /var/www/html/vendor/app/Controllers/VendorPrposalCrud.php(12): CodeIgniter\BaseModel->findAll()
#7 /var/www/html/vendor/system/CodeIgniter.php(934): App\Controllers\VendorPrposalCrud->index()
#8 /var/www/html/vendor/system/CodeIgniter.php(499): CodeIgniter\CodeIgniter->runController()
#9 /var/www/html/vendor/system/CodeIgniter.php(368): CodeIgniter\CodeIgniter->handleRequest()
#10 /var/www/html/vendor/public/index.php(67): CodeIgniter\CodeIgniter->run()
#11 {main}
CRITICAL - 2023-05-22 07:36:26 --> Table 'Vendor-mgmt.users' doesn't exist
in SYSTEMPATH/Database/MySQLi/Connection.php on line 295.
 1 SYSTEMPATH/Database/MySQLi/Connection.php(295): mysqli->query()
 2 SYSTEMPATH/Database/BaseConnection.php(692): CodeIgniter\Database\MySQLi\Connection->execute()
 3 SYSTEMPATH/Database/BaseConnection.php(606): CodeIgniter\Database\BaseConnection->simpleQuery()
 4 SYSTEMPATH/Database/BaseBuilder.php(1616): CodeIgniter\Database\BaseConnection->query()
 5 SYSTEMPATH/Model.php(241): CodeIgniter\Database\BaseBuilder->get()
 6 SYSTEMPATH/BaseModel.php(618): CodeIgniter\Model->doFindAll()
 7 APPPATH/Controllers/VendorPrposalCrud.php(12): CodeIgniter\BaseModel->findAll()
 8 SYSTEMPATH/CodeIgniter.php(934): App\Controllers\VendorPrposalCrud->index()
 9 SYSTEMPATH/CodeIgniter.php(499): CodeIgniter\CodeIgniter->runController()
10 SYSTEMPATH/CodeIgniter.php(368): CodeIgniter\CodeIgniter->handleRequest()
11 FCPATH/index.php(67): CodeIgniter\CodeIgniter->run()
ERROR - 2023-05-22 07:36:28 --> mysqli_sql_exception: Table 'Vendor-mgmt.users' doesn't exist in /var/www/html/vendor/system/Database/MySQLi/Connection.php:295
Stack trace:
#0 /var/www/html/vendor/system/Database/MySQLi/Connection.php(295): mysqli->query()
#1 /var/www/html/vendor/system/Database/BaseConnection.php(692): CodeIgniter\Database\MySQLi\Connection->execute()
#2 /var/www/html/vendor/system/Database/BaseConnection.php(606): CodeIgniter\Database\BaseConnection->simpleQuery()
#3 /var/www/html/vendor/system/Database/BaseBuilder.php(1616): CodeIgniter\Database\BaseConnection->query()
#4 /var/www/html/vendor/system/Model.php(241): CodeIgniter\Database\BaseBuilder->get()
#5 /var/www/html/vendor/system/BaseModel.php(618): CodeIgniter\Model->doFindAll()
#6 /var/www/html/vendor/app/Controllers/VendorPrposalCrud.php(12): CodeIgniter\BaseModel->findAll()
#7 /var/www/html/vendor/system/CodeIgniter.php(934): App\Controllers\VendorPrposalCrud->index()
#8 /var/www/html/vendor/system/CodeIgniter.php(499): CodeIgniter\CodeIgniter->runController()
#9 /var/www/html/vendor/system/CodeIgniter.php(368): CodeIgniter\CodeIgniter->handleRequest()
#10 /var/www/html/vendor/public/index.php(67): CodeIgniter\CodeIgniter->run()
#11 {main}
CRITICAL - 2023-05-22 07:36:28 --> Table 'Vendor-mgmt.users' doesn't exist
in SYSTEMPATH/Database/MySQLi/Connection.php on line 295.
 1 SYSTEMPATH/Database/MySQLi/Connection.php(295): mysqli->query()
 2 SYSTEMPATH/Database/BaseConnection.php(692): CodeIgniter\Database\MySQLi\Connection->execute()
 3 SYSTEMPATH/Database/BaseConnection.php(606): CodeIgniter\Database\BaseConnection->simpleQuery()
 4 SYSTEMPATH/Database/BaseBuilder.php(1616): CodeIgniter\Database\BaseConnection->query()
 5 SYSTEMPATH/Model.php(241): CodeIgniter\Database\BaseBuilder->get()
 6 SYSTEMPATH/BaseModel.php(618): CodeIgniter\Model->doFindAll()
 7 APPPATH/Controllers/VendorPrposalCrud.php(12): CodeIgniter\BaseModel->findAll()
 8 SYSTEMPATH/CodeIgniter.php(934): App\Controllers\VendorPrposalCrud->index()
 9 SYSTEMPATH/CodeIgniter.php(499): CodeIgniter\CodeIgniter->runController()
10 SYSTEMPATH/CodeIgniter.php(368): CodeIgniter\CodeIgniter->handleRequest()
11 FCPATH/index.php(67): CodeIgniter\CodeIgniter->run()
ERROR - 2023-05-22 07:37:01 --> mysqli_sql_exception: Table 'Vendor-mgmt.users' doesn't exist in /var/www/html/vendor/system/Database/MySQLi/Connection.php:295
Stack trace:
#0 /var/www/html/vendor/system/Database/MySQLi/Connection.php(295): mysqli->query()
#1 /var/www/html/vendor/system/Database/BaseConnection.php(692): CodeIgniter\Database\MySQLi\Connection->execute()
#2 /var/www/html/vendor/system/Database/BaseConnection.php(606): CodeIgniter\Database\BaseConnection->simpleQuery()
#3 /var/www/html/vendor/system/Database/BaseBuilder.php(1616): CodeIgniter\Database\BaseConnection->query()
#4 /var/www/html/vendor/system/Model.php(241): CodeIgniter\Database\BaseBuilder->get()
#5 /var/www/html/vendor/system/BaseModel.php(618): CodeIgniter\Model->doFindAll()
#6 /var/www/html/vendor/app/Controllers/VendorPrposalCrud.php(12): CodeIgniter\BaseModel->findAll()
#7 /var/www/html/vendor/system/CodeIgniter.php(934): App\Controllers\VendorPrposalCrud->index()
#8 /var/www/html/vendor/system/CodeIgniter.php(499): CodeIgniter\CodeIgniter->runController()
#9 /var/www/html/vendor/system/CodeIgniter.php(368): CodeIgniter\CodeIgniter->handleRequest()
#10 /var/www/html/vendor/public/index.php(67): CodeIgniter\CodeIgniter->run()
#11 {main}
CRITICAL - 2023-05-22 07:37:01 --> Table 'Vendor-mgmt.users' doesn't exist
in SYSTEMPATH/Database/MySQLi/Connection.php on line 295.
 1 SYSTEMPATH/Database/MySQLi/Connection.php(295): mysqli->query()
 2 SYSTEMPATH/Database/BaseConnection.php(692): CodeIgniter\Database\MySQLi\Connection->execute()
 3 SYSTEMPATH/Database/BaseConnection.php(606): CodeIgniter\Database\BaseConnection->simpleQuery()
 4 SYSTEMPATH/Database/BaseBuilder.php(1616): CodeIgniter\Database\BaseConnection->query()
 5 SYSTEMPATH/Model.php(241): CodeIgniter\Database\BaseBuilder->get()
 6 SYSTEMPATH/BaseModel.php(618): CodeIgniter\Model->doFindAll()
 7 APPPATH/Controllers/VendorPrposalCrud.php(12): CodeIgniter\BaseModel->findAll()
 8 SYSTEMPATH/CodeIgniter.php(934): App\Controllers\VendorPrposalCrud->index()
 9 SYSTEMPATH/CodeIgniter.php(499): CodeIgniter\CodeIgniter->runController()
10 SYSTEMPATH/CodeIgniter.php(368): CodeIgniter\CodeIgniter->handleRequest()
11 FCPATH/index.php(67): CodeIgniter\CodeIgniter->run()
CRITICAL - 2023-05-22 07:43:10 --> Call to a member function where() on null
in APPPATH/Controllers/VendorPrposalCrud.php on line 16.
 1 SYSTEMPATH/CodeIgniter.php(934): App\Controllers\VendorPrposalCrud->index()
 2 SYSTEMPATH/CodeIgniter.php(499): CodeIgniter\CodeIgniter->runController()
 3 SYSTEMPATH/CodeIgniter.php(368): CodeIgniter\CodeIgniter->handleRequest()
 4 FCPATH/index.php(67): CodeIgniter\CodeIgniter->run()
CRITICAL - 2023-05-22 07:43:52 --> Class 'App\Models\UserlModal' not found
in APPPATH/Controllers/VendorPrposalCrud.php on line 13.
 1 SYSTEMPATH/CodeIgniter.php(934): App\Controllers\VendorPrposalCrud->index()
 2 SYSTEMPATH/CodeIgniter.php(499): CodeIgniter\CodeIgniter->runController()
 3 SYSTEMPATH/CodeIgniter.php(368): CodeIgniter\CodeIgniter->handleRequest()
 4 FCPATH/index.php(67): CodeIgniter\CodeIgniter->run()
CRITICAL - 2023-05-22 09:33:31 --> Use of undefined constant total_time - assumed 'total_time' (this will throw an Error in a future version of PHP)
in APPPATH/Controllers/VendorPrposalCrud.php on line 81.
 1 APPPATH/Controllers/VendorPrposalCrud.php(81): CodeIgniter\Debug\Exceptions->errorHandler()
 2 SYSTEMPATH/CodeIgniter.php(934): App\Controllers\VendorPrposalCrud->benchmark()
 3 SYSTEMPATH/CodeIgniter.php(499): CodeIgniter\CodeIgniter->runController()
 4 SYSTEMPATH/CodeIgniter.php(368): CodeIgniter\CodeIgniter->handleRequest()
 5 FCPATH/index.php(67): CodeIgniter\CodeIgniter->run()
CRITICAL - 2023-05-22 09:33:45 --> Use of undefined constant total_time - assumed 'total_time' (this will throw an Error in a future version of PHP)
in APPPATH/Controllers/VendorPrposalCrud.php on line 81.
 1 APPPATH/Controllers/VendorPrposalCrud.php(81): CodeIgniter\Debug\Exceptions->errorHandler()
 2 SYSTEMPATH/CodeIgniter.php(934): App\Controllers\VendorPrposalCrud->benchmark()
 3 SYSTEMPATH/CodeIgniter.php(499): CodeIgniter\CodeIgniter->runController()
 4 SYSTEMPATH/CodeIgniter.php(368): CodeIgniter\CodeIgniter->handleRequest()
 5 FCPATH/index.php(67): CodeIgniter\CodeIgniter->run()
CRITICAL - 2023-05-22 09:34:05 --> Use of undefined constant total_time - assumed 'total_time' (this will throw an Error in a future version of PHP)
in APPPATH/Controllers/VendorPrposalCrud.php on line 81.
 1 APPPATH/Controllers/VendorPrposalCrud.php(81): CodeIgniter\Debug\Exceptions->errorHandler()
 2 SYSTEMPATH/CodeIgniter.php(934): App\Controllers\VendorPrposalCrud->benchmark()
 3 SYSTEMPATH/CodeIgniter.php(499): CodeIgniter\CodeIgniter->runController()
 4 SYSTEMPATH/CodeIgniter.php(368): CodeIgniter\CodeIgniter->handleRequest()
 5 FCPATH/index.php(67): CodeIgniter\CodeIgniter->run()
CRITICAL - 2023-05-22 09:35:01 --> Use of undefined constant total_time - assumed 'total_time' (this will throw an Error in a future version of PHP)
in APPPATH/Controllers/VendorPrposalCrud.php on line 81.
 1 APPPATH/Controllers/VendorPrposalCrud.php(81): CodeIgniter\Debug\Exceptions->errorHandler()
 2 SYSTEMPATH/CodeIgniter.php(934): App\Controllers\VendorPrposalCrud->benchmark()
 3 SYSTEMPATH/CodeIgniter.php(499): CodeIgniter\CodeIgniter->runController()
 4 SYSTEMPATH/CodeIgniter.php(368): CodeIgniter\CodeIgniter->handleRequest()
 5 FCPATH/index.php(67): CodeIgniter\CodeIgniter->run()
CRITICAL - 2023-05-22 09:35:13 --> Use of undefined constant total_time - assumed 'total_time' (this will throw an Error in a future version of PHP)
in APPPATH/Controllers/VendorPrposalCrud.php on line 81.
 1 APPPATH/Controllers/VendorPrposalCrud.php(81): CodeIgniter\Debug\Exceptions->errorHandler()
 2 SYSTEMPATH/CodeIgniter.php(934): App\Controllers\VendorPrposalCrud->benchmark()
 3 SYSTEMPATH/CodeIgniter.php(499): CodeIgniter\CodeIgniter->runController()
 4 SYSTEMPATH/CodeIgniter.php(368): CodeIgniter\CodeIgniter->handleRequest()
 5 FCPATH/index.php(67): CodeIgniter\CodeIgniter->run()
CRITICAL - 2023-05-22 09:38:43 --> syntax error, unexpected 'print_r' (T_STRING)
in APPPATH/Controllers/VendorPrposalCrud.php on line 83.
 1 SYSTEMPATH/Autoloader/Autoloader.php(289): CodeIgniter\Autoloader\Autoloader->includeFile()
 2 SYSTEMPATH/Autoloader/Autoloader.php(267): CodeIgniter\Autoloader\Autoloader->loadInNamespace()
 3 [internal function]: CodeIgniter\Autoloader\Autoloader->loadClass()
 4 [internal function]: spl_autoload_call()
 5 SYSTEMPATH/CodeIgniter.php(892): class_exists()
 6 SYSTEMPATH/CodeIgniter.php(486): CodeIgniter\CodeIgniter->startController()
 7 SYSTEMPATH/CodeIgniter.php(368): CodeIgniter\CodeIgniter->handleRequest()
 8 FCPATH/index.php(67): CodeIgniter\CodeIgniter->run()
